<?xml version="1.0" encoding="UTF-8"?>
<testsuites name="DataDrivenTestingDemoSuite" time="20" tests="3" failures="0" errors="0">
   <testsuite name="DataDrivenTestingDemoSuite" tests="3" failures="0" errors="0" time="20" timestamp="2018-12-18 13:32:40" hostname="Administrator - DESKTOP-3DAE0Q4" id="Test Suites/DataDrivenTestingDemoSuite">
      <properties>
         <property name="deviceName" value=""/>
         <property name="devicePlatform" value=""/>
         <property name="logFolder" value="C:\\Users\\Administrator\\Katalon Studio\\Sample SOAP API Testing Project\\Reports\\DataDrivenTestingDemoSuite\\20181218_133231"/>
         <property name="logFiles" value="C:\\Users\\Administrator\\Katalon Studio\\Sample SOAP API Testing Project\\Reports\\DataDrivenTestingDemoSuite\\20181218_133231\\execution0.log"/>
         <property name="attachments" value=""/>
         <property name="hostName" value="Administrator - DESKTOP-3DAE0Q4"/>
         <property name="hostAddress" value="192.168.56.1"/>
         <property name="os" value="Windows 10 64bit"/>
         <property name="katalonVersion" value="5.9.1.2"/>
      </properties>
      <testcase name="Test Cases/DataDrivenTestDemo" classname="Test Cases/DataDrivenTestDemo" status="PASSED">
         <system-out><![CDATA[2018-12-18 13:32:41 - [TEST_CASE][PASSED] - Test Cases/DataDrivenTestDemo: Test Cases/DataDrivenTestDemo

2018-12-18 13:32:42 - [TEST_STEP][PASSED] - println("...value of country code is " + CountryCode): null

2018-12-18 13:32:42 - [TEST_STEP][PASSED] - println("...value of country name is " + Name): null

2018-12-18 13:32:42 - [TEST_STEP][PASSED] - println("...value of currency is " + CurrencyUnit): null

2018-12-18 13:32:42 - [TEST_STEP][PASSED] - response1 = sendRequest(findTestObject("CountryInfoSOAPService/CountryName", ["CountryCode":CountryCode])): Send request successfully

2018-12-18 13:32:50 - [MESSAGE][INFO] - HAR: C:\Users\Administrator\Katalon Studio\Sample SOAP API Testing Project\Reports\DataDrivenTestingDemoSuite\20181218_133231\requests\main\0.har

2018-12-18 13:32:50 - [MESSAGE][PASSED] - Send request successfully

2018-12-18 13:32:50 - [TEST_STEP][PASSED] - verifyElementText(response1, "CountryNameResponse.CountryNameResult", Name): Verify element text successfully

2018-12-18 13:32:50 - [MESSAGE][PASSED] - Verify element text successfully

2018-12-18 13:32:50 - [TEST_STEP][PASSED] - response2 = sendRequest(findTestObject("CountryInfoSOAPService/GetCurrency", ["CountryCode":CountryCode])): Send request successfully

2018-12-18 13:32:52 - [MESSAGE][INFO] - HAR: C:\Users\Administrator\Katalon Studio\Sample SOAP API Testing Project\Reports\DataDrivenTestingDemoSuite\20181218_133231\requests\main\1.har

2018-12-18 13:32:52 - [MESSAGE][PASSED] - Send request successfully

2018-12-18 13:32:52 - [TEST_STEP][PASSED] - verifyElementText(response2, "CountryCurrencyResponse.CountryCurrencyResult.sName", CurrencyUnit): Verify element text successfully

2018-12-18 13:32:53 - [MESSAGE][PASSED] - Verify element text successfully]]></system-out>
         <system-err><![CDATA[]]></system-err>
      </testcase>
      <testcase name="Test Cases/DataDrivenTestDemo" classname="Test Cases/DataDrivenTestDemo" status="PASSED">
         <system-out><![CDATA[2018-12-18 13:32:53 - [TEST_CASE][PASSED] - Test Cases/DataDrivenTestDemo: Test Cases/DataDrivenTestDemo

2018-12-18 13:32:53 - [TEST_STEP][PASSED] - println("...value of country code is " + CountryCode): null

2018-12-18 13:32:53 - [TEST_STEP][PASSED] - println("...value of country name is " + Name): null

2018-12-18 13:32:53 - [TEST_STEP][PASSED] - println("...value of currency is " + CurrencyUnit): null

2018-12-18 13:32:53 - [TEST_STEP][PASSED] - response1 = sendRequest(findTestObject("CountryInfoSOAPService/CountryName", ["CountryCode":CountryCode])): Send request successfully

2018-12-18 13:32:55 - [MESSAGE][INFO] - HAR: C:\Users\Administrator\Katalon Studio\Sample SOAP API Testing Project\Reports\DataDrivenTestingDemoSuite\20181218_133231\requests\main\2.har

2018-12-18 13:32:55 - [MESSAGE][PASSED] - Send request successfully

2018-12-18 13:32:55 - [TEST_STEP][PASSED] - verifyElementText(response1, "CountryNameResponse.CountryNameResult", Name): Verify element text successfully

2018-12-18 13:32:55 - [MESSAGE][PASSED] - Verify element text successfully

2018-12-18 13:32:55 - [TEST_STEP][PASSED] - response2 = sendRequest(findTestObject("CountryInfoSOAPService/GetCurrency", ["CountryCode":CountryCode])): Send request successfully

2018-12-18 13:32:57 - [MESSAGE][INFO] - HAR: C:\Users\Administrator\Katalon Studio\Sample SOAP API Testing Project\Reports\DataDrivenTestingDemoSuite\20181218_133231\requests\main\3.har

2018-12-18 13:32:57 - [MESSAGE][PASSED] - Send request successfully

2018-12-18 13:32:57 - [TEST_STEP][PASSED] - verifyElementText(response2, "CountryCurrencyResponse.CountryCurrencyResult.sName", CurrencyUnit): Verify element text successfully

2018-12-18 13:32:57 - [MESSAGE][PASSED] - Verify element text successfully]]></system-out>
         <system-err><![CDATA[]]></system-err>
      </testcase>
      <testcase name="Test Cases/DataDrivenTestDemo" classname="Test Cases/DataDrivenTestDemo" status="PASSED">
         <system-out><![CDATA[2018-12-18 13:32:57 - [TEST_CASE][PASSED] - Test Cases/DataDrivenTestDemo: Test Cases/DataDrivenTestDemo

2018-12-18 13:32:57 - [TEST_STEP][PASSED] - println("...value of country code is " + CountryCode): null

2018-12-18 13:32:57 - [TEST_STEP][PASSED] - println("...value of country name is " + Name): null

2018-12-18 13:32:57 - [TEST_STEP][PASSED] - println("...value of currency is " + CurrencyUnit): null

2018-12-18 13:32:57 - [TEST_STEP][PASSED] - response1 = sendRequest(findTestObject("CountryInfoSOAPService/CountryName", ["CountryCode":CountryCode])): Send request successfully

2018-12-18 13:32:59 - [MESSAGE][INFO] - HAR: C:\Users\Administrator\Katalon Studio\Sample SOAP API Testing Project\Reports\DataDrivenTestingDemoSuite\20181218_133231\requests\main\4.har

2018-12-18 13:32:59 - [MESSAGE][PASSED] - Send request successfully

2018-12-18 13:32:59 - [TEST_STEP][PASSED] - verifyElementText(response1, "CountryNameResponse.CountryNameResult", Name): Verify element text successfully

2018-12-18 13:32:59 - [MESSAGE][PASSED] - Verify element text successfully

2018-12-18 13:32:59 - [TEST_STEP][PASSED] - response2 = sendRequest(findTestObject("CountryInfoSOAPService/GetCurrency", ["CountryCode":CountryCode])): Send request successfully

2018-12-18 13:33:01 - [MESSAGE][INFO] - HAR: C:\Users\Administrator\Katalon Studio\Sample SOAP API Testing Project\Reports\DataDrivenTestingDemoSuite\20181218_133231\requests\main\5.har

2018-12-18 13:33:01 - [MESSAGE][PASSED] - Send request successfully

2018-12-18 13:33:01 - [TEST_STEP][PASSED] - verifyElementText(response2, "CountryCurrencyResponse.CountryCurrencyResult.sName", CurrencyUnit): Verify element text successfully

2018-12-18 13:33:01 - [MESSAGE][PASSED] - Verify element text successfully]]></system-out>
         <system-err><![CDATA[]]></system-err>
      </testcase>
      <system-out><![CDATA[2018-12-18 13:32:40 - [TEST_SUITE][PASSED] - DataDrivenTestingDemoSuite: Test Cases/DataDrivenTestDemo]]></system-out>
      <system-err><![CDATA[]]></system-err>
   </testsuite>
</testsuites>
